<?xml version="1.0" encoding="UTF-8"?>
<!-- Generated by org.testng.reporters.JUnitXMLReporter -->
<testsuite ignored="0" hostname="SHCGNMS" failures="0" tests="3" name="Surefire test" time="0.07" errors="0" timestamp="2026-01-02T15:17:28 IST">
  <testcase classname="gitHubPractice.GitHubPracticeTest" name="gitHubPracticeTest" time="0.005"/>
  <testcase classname="jenkinPractice.JenkinPracticeTest" name="jenkinPracticeTest" time="0.001"/>
  <testcase classname="mavenPrc.MavenPracticeTest" name="mavenPracticeTest" time="0.0"/>
</testsuite> <!-- Surefire test -->
