<?xml version="1.0" encoding="UTF-8"?>
<!-- Generated by org.testng.reporters.JUnitXMLReporter -->
<testsuite ignored="0" hostname="Sneha" failures="0" tests="3" name="Test" time="0.088" errors="0" timestamp="2025-12-31T18:14:04 IST">
  <testcase classname="jenkinPractice.JenkinPracticeTest" name="jenkinPracticeTest" time="0.005"/>
  <testcase classname="gitHubPractice.GitHubPracticeTest" name="gitHubPracticeTest" time="0.001"/>
  <testcase classname="mavenPrc.MavenPracticeTest" name="mavenPracticeTest" time="0.002"/>
</testsuite> <!-- Test -->
