<?xml version="1.0" encoding="UTF-8"?>
<testng-results ignored="0" total="3" passed="3" failed="0" skipped="0">
  <reporter-output>
  </reporter-output>
  <suite started-at="2026-01-02T15:17:28 IST" name="Surefire suite" finished-at="2026-01-02T15:17:28 IST" duration-ms="70">
    <groups>
    </groups>
    <test started-at="2026-01-02T15:17:28 IST" name="Surefire test" finished-at="2026-01-02T15:17:28 IST" duration-ms="70">
      <class name="jenkinPractice.JenkinPracticeTest">
        <test-method signature="jenkinPracticeTest()[pri:0, instance:jenkinPractice.JenkinPracticeTest@5e316c74]" started-at="2026-01-02T15:17:28 IST" name="jenkinPracticeTest" finished-at="2026-01-02T15:17:28 IST" duration-ms="1" status="PASS">
          <reporter-output>
          </reporter-output>
        </test-method> <!-- jenkinPracticeTest -->
      </class> <!-- jenkinPractice.JenkinPracticeTest -->
      <class name="gitHubPractice.GitHubPracticeTest">
        <test-method signature="gitHubPracticeTest()[pri:0, instance:gitHubPractice.GitHubPracticeTest@1ffe63b9]" started-at="2026-01-02T15:17:28 IST" name="gitHubPracticeTest" finished-at="2026-01-02T15:17:28 IST" duration-ms="5" status="PASS">
          <reporter-output>
          </reporter-output>
        </test-method> <!-- gitHubPracticeTest -->
      </class> <!-- gitHubPractice.GitHubPracticeTest -->
      <class name="mavenPrc.MavenPracticeTest">
        <test-method signature="mavenPracticeTest()[pri:0, instance:mavenPrc.MavenPracticeTest@6d2a209c]" started-at="2026-01-02T15:17:28 IST" name="mavenPracticeTest" finished-at="2026-01-02T15:17:28 IST" duration-ms="0" status="PASS">
          <reporter-output>
          </reporter-output>
        </test-method> <!-- mavenPracticeTest -->
      </class> <!-- mavenPrc.MavenPracticeTest -->
    </test> <!-- Surefire test -->
  </suite> <!-- Surefire suite -->
</testng-results>
