<?xml version="1.0" encoding="UTF-8"?>
<testsuite xmlns:xsi="http://www.w3.org/2001/XMLSchema-instance" xsi:noNamespaceSchemaLocation="https://maven.apache.org/surefire/maven-surefire-plugin/xsd/surefire-test-report-3.0.xsd" version="3.0" name="TestSuite" time="1.162" tests="3" errors="0" skipped="0" failures="0">
  <properties>
[...]
</properties>
  <testcase name="gitHubPracticeTest" classname="gitHubPractice.GitHubPracticeTest" time="0.008">
    <system-out><![CDATA[hii github
harshith
]]></system-out>
    <system-err><![CDATA[SLF4J(W): No SLF4J providers were found.
SLF4J(W): Defaulting to no-operation (NOP) logger implementation
SLF4J(W): See https://www.slf4j.org/codes.html#noProviders for further details.
]]></system-err>
  </testcase>
  <testcase name="jenkinPracticeTest" classname="jenkinPractice.JenkinPracticeTest" time="0.003">
    <system-out><![CDATA[hii jenkin
]]></system-out>
  </testcase>
  <testcase name="mavenPracticeTest" classname="mavenPrc.MavenPracticeTest" time="0.002">
    <system-out><![CDATA[hii maven
]]></system-out>
  </testcase>
</testsuite>